[website288801.nicepage.io/Page-3c30d.html]
[backblue.gif]
[fade.gif]
[index.html]
[static.nicepage.com/shared/assets/jquery-1.9.1.min.js]
[images01.nicepage.com/c461c07a441a5d220e8feb1a/9619e45fd63456f58dd876ad/fd-min.jpg]
[images01.nicepage.com/c461c07a441a5d220e8feb1a/2b5ca2f835e850d8a4755778/hgtfr-min.jpg]
[website288801.nicepage.io/nicepage25d7.css]
[images01.nicepage.com/c461c07a441a5d220e8feb1a/44f39814200650209cff2bfb/truck-vehicle-with-trailers-background_342744-1297efe2.jpg]
[capp.nicepage.com/01dce1c8a6d7a04ad86588d4f4ea1868440d169a/nicepage.js]
[images01.nicepage.com/c461c07a441a5d220e8feb1a/7b62376f94a65077ba637168/two-colleagues-factory_1303-14331efe2.jpg]
[images01.nicepage.com/c461c07a441a5d220e8feb1a/e71bd43cdd9b5aa59de389b5/8e075c3d-6d19-3aa0-6b3f-c73b145fc018efe2.jpg]
[images01.nicepage.com/c461c07a441a5d220e8feb1a/2ea706612f1d502b9d754526/close-up-woman-holding-box-with-service-delivery-holding-board_1150-8870.jpg]
[images01.nicepage.com/c461c07a441a5d220e8feb1a/4ea23cbb70d653789f30452e/ef-min.jpg]
[images01.nicepage.com/c461c07a441a5d220e8feb1a/2ea706612f1d502b9d754526/close-up-woman-holding-box-with-service-delivery-holding-board_1150-8870efe2.jpg]
[images01.nicepage.com/c461c07a441a5d220e8feb1a/3866128fe6655e9199803fdb/sdsd-min.jpg]
[images01.nicepage.com/c461c07a441a5d220e8feb1a/3dad7c44db8653189d383b81/fgg-min.jpg]
[website288801.nicepage.io/Page-3.html]
[capp.nicepage.com/01dce1c8a6d7a04ad86588d4f4ea1868440d169a/images/default-logo.png]
[images01.nicepage.com/c461c07a441a5d220e8feb1a/62413ef7eb725b14a5f42cd8/professional-middle-aged-bearded-trucker-standing-by-his-semi-truck-holding-thumbs-up_342744-1318efe2.jpg]
[website288801.nicepage.io/home2-1.html]
[images01.nicepage.com/c461c07a441a5d220e8feb1a/44f39814200650209cff2bfb/truck-vehicle-with-trailers-background_342744-1297.jpg]
[images01.nicepage.com/c461c07a441a5d220e8feb1a/f213cfebf6695d4da8590e91/agricultural-silo_146671-19117.jpg]
[images01.nicepage.com/c461c07a441a5d220e8feb1a/7b62376f94a65077ba637168/two-colleagues-factory_1303-14331.jpg]
[images01.nicepage.com/c461c07a441a5d220e8feb1a/1e28d5c316af5dbaa51c89d5/dfer-minefe2.jpg]
[images01.nicepage.com/c461c07a441a5d220e8feb1a/dfb7cd10c8b7541eb9f2bfb1/drtefe2.jpg]
[images01.nicepage.com/c461c07a441a5d220e8feb1a/3e44058788cb5e75b1102ad1/fsdzefe2.jpg]
[website288801.nicepage.io/Page-3c30d.html]
[website288801.nicepage.io/nicepage25d7.css]
[website288801.nicepage.io/Page-3.html]
[images01.nicepage.com/c461c07a441a5d220e8feb1a/2b1d8db21ed0574fb7018dcb/tryy-min.jpg]
[images01.nicepage.com/c461c07a441a5d220e8feb1a/d539f71b2a02503fa4af3052/ertwe.jpg]
[images01.nicepage.com/c461c07a441a5d220e8feb1a/12e3de064eed5feabb98a1d3/rdte.jpg]
[images01.nicepage.com/c461c07a441a5d220e8feb1a/827f11e9b09c53fea9c00852/gffffffh.jpg]
[images01.nicepage.com/c461c07a441a5d220e8feb1a/3e44058788cb5e75b1102ad1/fsdz.jpg]
[images03.nicepage.com/c461c07a441a5d220e8feb1a/403d472a87e555e68834a6f2/low-angle-plain-concrete-structure-city-with-copy-space_23-2148814201efe2.jpg]
[images01.nicepage.com/c461c07a441a5d220e8feb1a/18c35c924140510897caf9fa/xc-min.jpg]
[images01.nicepage.com/c461c07a441a5d220e8feb1a/fbbe9c9442305b5e8c0ca64f/ttttt-minefe2.jpg]
[images01.nicepage.com/c461c07a441a5d220e8feb1a/8463a0398c975e7b8c7697a7/ytyefe2.jpg]
[images01.nicepage.com/c461c07a441a5d220e8feb1a/a41acbf104a558d6a1873d94/dfed-min.jpg]
[images01.nicepage.com/c461c07a441a5d220e8feb1a/d99422cf01585938b3a12b21/container-terminal-wharf-transport_1205-1185efe2.jpg]
[website288801.nicepage.io/home2-1.html]
